0 silly input []
1 silly flags { _: [ 'bootstrap' ],
1 silly flags   'reject-cycles': false,
1 silly flags   rejectCycles: false,
1 silly flags   args: [] }
2 verbose rootPath C:\Users\loref\Projects\greldal-cra-starter
3 info version 2.11.0
4 silly existsSync C:\Users\loref\Projects\greldal-cra-starter\VERSION
5 silly initialize attempt
6 silly npmConfig { registry: undefined,
6 silly npmConfig   npmClient: undefined,
6 silly npmConfig   npmClientArgs: undefined,
6 silly npmConfig   mutex: undefined }
7 silly initialize success
8 silly execute attempt
9 info Bootstrapping 2 packages
10 info lifecycle preinstall
11 silly runScript preinstall greldal-starter-backend
12 silly greldal-starter-backend
13 silly runScript preinstall greldal-starter-frontend
14 silly greldal-starter-frontend
15 silly hasDependencyInstalled greldal-starter-backend @babel/cli
16 silly dependencyIsSatisfied [ '@babel/cli',
16 silly dependencyIsSatisfied   '^7.2.3',
16 silly dependencyIsSatisfied   'C:\\Users\\loref\\Projects\\greldal-cra-starter\\packages\\backend\\node_modules' ]
17 verbose dependencyIsSatisfied @babel/cli true
18 silly hasDependencyInstalled greldal-starter-backend @babel/core
19 silly dependencyIsSatisfied [ '@babel/core',
19 silly dependencyIsSatisfied   '^7.4.0',
19 silly dependencyIsSatisfied   'C:\\Users\\loref\\Projects\\greldal-cra-starter\\packages\\backend\\node_modules' ]
20 verbose dependencyIsSatisfied @babel/core true
21 silly hasDependencyInstalled greldal-starter-backend @babel/node
22 silly dependencyIsSatisfied [ '@babel/node',
22 silly dependencyIsSatisfied   '^7.2.2',
22 silly dependencyIsSatisfied   'C:\\Users\\loref\\Projects\\greldal-cra-starter\\packages\\backend\\node_modules' ]
23 verbose dependencyIsSatisfied @babel/node true
24 silly hasDependencyInstalled greldal-starter-backend @babel/preset-env
25 silly dependencyIsSatisfied [ '@babel/preset-env',
25 silly dependencyIsSatisfied   '^7.4.2',
25 silly dependencyIsSatisfied   'C:\\Users\\loref\\Projects\\greldal-cra-starter\\packages\\backend\\node_modules' ]
26 verbose dependencyIsSatisfied @babel/preset-env true
27 silly hasDependencyInstalled greldal-starter-backend @babel/preset-typescript
28 silly dependencyIsSatisfied [ '@babel/preset-typescript',
28 silly dependencyIsSatisfied   '^7.3.3',
28 silly dependencyIsSatisfied   'C:\\Users\\loref\\Projects\\greldal-cra-starter\\packages\\backend\\node_modules' ]
29 verbose dependencyIsSatisfied @babel/preset-typescript true
30 silly hasDependencyInstalled greldal-starter-backend @types/dotenv
31 silly dependencyIsSatisfied [ '@types/dotenv',
31 silly dependencyIsSatisfied   '^6.1.1',
31 silly dependencyIsSatisfied   'C:\\Users\\loref\\Projects\\greldal-cra-starter\\packages\\backend\\node_modules' ]
32 verbose dependencyIsSatisfied @types/dotenv true
33 silly hasDependencyInstalled greldal-starter-backend @types/express
34 silly dependencyIsSatisfied [ '@types/express',
34 silly dependencyIsSatisfied   '^4.16.1',
34 silly dependencyIsSatisfied   'C:\\Users\\loref\\Projects\\greldal-cra-starter\\packages\\backend\\node_modules' ]
35 verbose dependencyIsSatisfied @types/express true
36 silly hasDependencyInstalled greldal-starter-backend @types/express-graphql
37 silly dependencyIsSatisfied [ '@types/express-graphql',
37 silly dependencyIsSatisfied   '^0.6.2',
37 silly dependencyIsSatisfied   'C:\\Users\\loref\\Projects\\greldal-cra-starter\\packages\\backend\\node_modules' ]
38 verbose dependencyIsSatisfied @types/express-graphql true
39 silly hasDependencyInstalled greldal-starter-backend @types/graphql
40 silly dependencyIsSatisfied [ '@types/graphql',
40 silly dependencyIsSatisfied   '^14.2.0',
40 silly dependencyIsSatisfied   'C:\\Users\\loref\\Projects\\greldal-cra-starter\\packages\\backend\\node_modules' ]
41 verbose dependencyIsSatisfied @types/graphql true
42 silly hasDependencyInstalled greldal-starter-backend @types/inquirer
43 silly dependencyIsSatisfied [ '@types/inquirer',
43 silly dependencyIsSatisfied   '^6.0.0',
43 silly dependencyIsSatisfied   'C:\\Users\\loref\\Projects\\greldal-cra-starter\\packages\\backend\\node_modules' ]
44 verbose dependencyIsSatisfied @types/inquirer true
45 silly hasDependencyInstalled greldal-starter-frontend @types/inquirer
46 silly dependencyIsSatisfied [ '@types/inquirer',
46 silly dependencyIsSatisfied   '^6.0.0',
46 silly dependencyIsSatisfied   'C:\\Users\\loref\\Projects\\greldal-cra-starter\\packages\\frontend\\node_modules' ]
47 verbose dependencyIsSatisfied @types/inquirer true
48 silly hasDependencyInstalled greldal-starter-backend @types/js-yaml
49 silly dependencyIsSatisfied [ '@types/js-yaml',
49 silly dependencyIsSatisfied   '^3.12.1',
49 silly dependencyIsSatisfied   'C:\\Users\\loref\\Projects\\greldal-cra-starter\\packages\\backend\\node_modules' ]
50 verbose dependencyIsSatisfied @types/js-yaml true
51 silly hasDependencyInstalled greldal-starter-frontend @types/js-yaml
52 silly dependencyIsSatisfied [ '@types/js-yaml',
52 silly dependencyIsSatisfied   '^3.12.1',
52 silly dependencyIsSatisfied   'C:\\Users\\loref\\Projects\\greldal-cra-starter\\packages\\frontend\\node_modules' ]
53 verbose dependencyIsSatisfied @types/js-yaml true
54 silly hasDependencyInstalled greldal-starter-backend @types/lodash
55 silly dependencyIsSatisfied [ '@types/lodash',
55 silly dependencyIsSatisfied   '^4.14.123',
55 silly dependencyIsSatisfied   'C:\\Users\\loref\\Projects\\greldal-cra-starter\\packages\\backend\\node_modules' ]
56 verbose dependencyIsSatisfied @types/lodash true
57 silly hasDependencyInstalled greldal-starter-backend @types/node
58 silly dependencyIsSatisfied [ '@types/node',
58 silly dependencyIsSatisfied   '^11.12.2',
58 silly dependencyIsSatisfied   'C:\\Users\\loref\\Projects\\greldal-cra-starter\\packages\\backend\\node_modules' ]
59 verbose dependencyIsSatisfied @types/node true
60 silly hasDependencyInstalled greldal-starter-frontend @types/node
61 silly dependencyIsSatisfied [ '@types/node',
61 silly dependencyIsSatisfied   '11.13.0',
61 silly dependencyIsSatisfied   'C:\\Users\\loref\\Projects\\greldal-cra-starter\\packages\\frontend\\node_modules' ]
62 verbose dependencyIsSatisfied @types/node true
63 silly hasDependencyInstalled greldal-starter-backend @types/rx
64 silly dependencyIsSatisfied [ '@types/rx',
64 silly dependencyIsSatisfied   '^4.1.1',
64 silly dependencyIsSatisfied   'C:\\Users\\loref\\Projects\\greldal-cra-starter\\packages\\backend\\node_modules' ]
65 verbose dependencyIsSatisfied @types/rx true
66 silly hasDependencyInstalled greldal-starter-frontend @types/rx
67 silly dependencyIsSatisfied [ '@types/rx',
67 silly dependencyIsSatisfied   '^4.1.1',
67 silly dependencyIsSatisfied   'C:\\Users\\loref\\Projects\\greldal-cra-starter\\packages\\frontend\\node_modules' ]
68 verbose dependencyIsSatisfied @types/rx true
69 silly hasDependencyInstalled greldal-starter-backend nodemon
70 silly dependencyIsSatisfied [ 'nodemon',
70 silly dependencyIsSatisfied   '^1.18.10',
70 silly dependencyIsSatisfied   'C:\\Users\\loref\\Projects\\greldal-cra-starter\\packages\\backend\\node_modules' ]
71 verbose dependencyIsSatisfied nodemon true
72 silly hasDependencyInstalled greldal-starter-backend npm-run-all
73 silly dependencyIsSatisfied [ 'npm-run-all',
73 silly dependencyIsSatisfied   '^4.1.5',
73 silly dependencyIsSatisfied   'C:\\Users\\loref\\Projects\\greldal-cra-starter\\packages\\backend\\node_modules' ]
74 verbose dependencyIsSatisfied npm-run-all true
75 silly hasDependencyInstalled greldal-starter-backend ts-node
76 silly dependencyIsSatisfied [ 'ts-node',
76 silly dependencyIsSatisfied   '^8.0.3',
76 silly dependencyIsSatisfied   'C:\\Users\\loref\\Projects\\greldal-cra-starter\\packages\\backend\\node_modules' ]
77 verbose dependencyIsSatisfied ts-node true
78 silly hasDependencyInstalled greldal-starter-backend typescript
79 silly dependencyIsSatisfied [ 'typescript',
79 silly dependencyIsSatisfied   '^3.4.1',
79 silly dependencyIsSatisfied   'C:\\Users\\loref\\Projects\\greldal-cra-starter\\packages\\backend\\node_modules' ]
80 verbose dependencyIsSatisfied typescript true
81 silly hasDependencyInstalled greldal-starter-frontend typescript
82 silly dependencyIsSatisfied [ 'typescript',
82 silly dependencyIsSatisfied   '3.4.2',
82 silly dependencyIsSatisfied   'C:\\Users\\loref\\Projects\\greldal-cra-starter\\packages\\frontend\\node_modules' ]
83 verbose dependencyIsSatisfied typescript true
84 silly hasDependencyInstalled greldal-starter-backend core-js
85 silly dependencyIsSatisfied [ 'core-js',
85 silly dependencyIsSatisfied   '2',
85 silly dependencyIsSatisfied   'C:\\Users\\loref\\Projects\\greldal-cra-starter\\packages\\backend\\node_modules' ]
86 verbose dependencyIsSatisfied core-js true
87 silly hasDependencyInstalled greldal-starter-backend dotenv
88 silly dependencyIsSatisfied [ 'dotenv',
88 silly dependencyIsSatisfied   '^7.0.0',
88 silly dependencyIsSatisfied   'C:\\Users\\loref\\Projects\\greldal-cra-starter\\packages\\backend\\node_modules' ]
89 verbose dependencyIsSatisfied dotenv true
90 silly hasDependencyInstalled greldal-starter-backend express
91 silly dependencyIsSatisfied [ 'express',
91 silly dependencyIsSatisfied   '^4.16.4',
91 silly dependencyIsSatisfied   'C:\\Users\\loref\\Projects\\greldal-cra-starter\\packages\\backend\\node_modules' ]
92 verbose dependencyIsSatisfied express true
93 silly hasDependencyInstalled greldal-starter-backend express-graphql
94 silly dependencyIsSatisfied [ 'express-graphql',
94 silly dependencyIsSatisfied   '^0.7.1',
94 silly dependencyIsSatisfied   'C:\\Users\\loref\\Projects\\greldal-cra-starter\\packages\\backend\\node_modules' ]
95 verbose dependencyIsSatisfied express-graphql true
96 silly hasDependencyInstalled greldal-starter-backend graphql
97 silly dependencyIsSatisfied [ 'graphql',
97 silly dependencyIsSatisfied   '^14.2.0',
97 silly dependencyIsSatisfied   'C:\\Users\\loref\\Projects\\greldal-cra-starter\\packages\\backend\\node_modules' ]
98 verbose dependencyIsSatisfied graphql true
99 silly hasDependencyInstalled greldal-starter-frontend graphql
100 silly dependencyIsSatisfied [ 'graphql',
100 silly dependencyIsSatisfied   '^14.2.1',
100 silly dependencyIsSatisfied   'C:\\Users\\loref\\Projects\\greldal-cra-starter\\packages\\frontend\\node_modules' ]
101 verbose dependencyIsSatisfied graphql true
102 silly hasDependencyInstalled greldal-starter-backend greldal
103 silly dependencyIsSatisfied [ 'greldal',
103 silly dependencyIsSatisfied   '^0.11.0',
103 silly dependencyIsSatisfied   'C:\\Users\\loref\\Projects\\greldal-cra-starter\\packages\\backend\\node_modules' ]
104 verbose dependencyIsSatisfied greldal false
105 silly hasDependencyInstalled greldal-starter-backend knex
106 silly dependencyIsSatisfied [ 'knex',
106 silly dependencyIsSatisfied   '^0.16.3',
106 silly dependencyIsSatisfied   'C:\\Users\\loref\\Projects\\greldal-cra-starter\\packages\\backend\\node_modules' ]
107 verbose dependencyIsSatisfied knex true
108 silly hasDependencyInstalled greldal-starter-backend pg
109 silly dependencyIsSatisfied [ 'pg',
109 silly dependencyIsSatisfied   '^7.9.0',
109 silly dependencyIsSatisfied   'C:\\Users\\loref\\Projects\\greldal-cra-starter\\packages\\backend\\node_modules' ]
110 verbose dependencyIsSatisfied pg true
111 silly hasDependencyInstalled greldal-starter-frontend @graphql-codegen/cli
112 silly dependencyIsSatisfied [ '@graphql-codegen/cli',
112 silly dependencyIsSatisfied   '^1.0.6',
112 silly dependencyIsSatisfied   'C:\\Users\\loref\\Projects\\greldal-cra-starter\\packages\\frontend\\node_modules' ]
113 verbose dependencyIsSatisfied @graphql-codegen/cli true
114 silly hasDependencyInstalled greldal-starter-frontend @graphql-codegen/typescript
115 silly dependencyIsSatisfied [ '@graphql-codegen/typescript',
115 silly dependencyIsSatisfied   '1.0.6',
115 silly dependencyIsSatisfied   'C:\\Users\\loref\\Projects\\greldal-cra-starter\\packages\\frontend\\node_modules' ]
116 verbose dependencyIsSatisfied @graphql-codegen/typescript true
117 silly hasDependencyInstalled greldal-starter-frontend @graphql-codegen/typescript-operations
118 silly dependencyIsSatisfied [ '@graphql-codegen/typescript-operations',
118 silly dependencyIsSatisfied   '1.0.6',
118 silly dependencyIsSatisfied   'C:\\Users\\loref\\Projects\\greldal-cra-starter\\packages\\frontend\\node_modules' ]
119 verbose dependencyIsSatisfied @graphql-codegen/typescript-operations true
120 silly hasDependencyInstalled greldal-starter-frontend @graphql-codegen/typescript-react-apollo
121 silly dependencyIsSatisfied [ '@graphql-codegen/typescript-react-apollo',
121 silly dependencyIsSatisfied   '1.0.6',
121 silly dependencyIsSatisfied   'C:\\Users\\loref\\Projects\\greldal-cra-starter\\packages\\frontend\\node_modules' ]
122 verbose dependencyIsSatisfied @graphql-codegen/typescript-react-apollo true
123 silly hasDependencyInstalled greldal-starter-frontend @graphql-codegen/introspection
124 silly dependencyIsSatisfied [ '@graphql-codegen/introspection',
124 silly dependencyIsSatisfied   '^1.0.6',
124 silly dependencyIsSatisfied   'C:\\Users\\loref\\Projects\\greldal-cra-starter\\packages\\frontend\\node_modules' ]
125 verbose dependencyIsSatisfied @graphql-codegen/introspection true
126 silly hasDependencyInstalled greldal-starter-frontend @types/jest
127 silly dependencyIsSatisfied [ '@types/jest',
127 silly dependencyIsSatisfied   '24.0.11',
127 silly dependencyIsSatisfied   'C:\\Users\\loref\\Projects\\greldal-cra-starter\\packages\\frontend\\node_modules' ]
128 verbose dependencyIsSatisfied @types/jest true
129 silly hasDependencyInstalled greldal-starter-frontend @types/react
130 silly dependencyIsSatisfied [ '@types/react',
130 silly dependencyIsSatisfied   '16.8.12',
130 silly dependencyIsSatisfied   'C:\\Users\\loref\\Projects\\greldal-cra-starter\\packages\\frontend\\node_modules' ]
131 verbose dependencyIsSatisfied @types/react true
132 silly hasDependencyInstalled greldal-starter-frontend @types/react-dom
133 silly dependencyIsSatisfied [ '@types/react-dom',
133 silly dependencyIsSatisfied   '16.8.3',
133 silly dependencyIsSatisfied   'C:\\Users\\loref\\Projects\\greldal-cra-starter\\packages\\frontend\\node_modules' ]
134 verbose dependencyIsSatisfied @types/react-dom true
135 silly hasDependencyInstalled greldal-starter-frontend apollo-boost
136 silly dependencyIsSatisfied [ 'apollo-boost',
136 silly dependencyIsSatisfied   '^0.3.1',
136 silly dependencyIsSatisfied   'C:\\Users\\loref\\Projects\\greldal-cra-starter\\packages\\frontend\\node_modules' ]
137 verbose dependencyIsSatisfied apollo-boost true
138 silly hasDependencyInstalled greldal-starter-frontend react
139 silly dependencyIsSatisfied [ 'react',
139 silly dependencyIsSatisfied   '^16.8.6',
139 silly dependencyIsSatisfied   'C:\\Users\\loref\\Projects\\greldal-cra-starter\\packages\\frontend\\node_modules' ]
140 verbose dependencyIsSatisfied react true
141 silly hasDependencyInstalled greldal-starter-frontend react-apollo
142 silly dependencyIsSatisfied [ 'react-apollo',
142 silly dependencyIsSatisfied   '^2.5.4',
142 silly dependencyIsSatisfied   'C:\\Users\\loref\\Projects\\greldal-cra-starter\\packages\\frontend\\node_modules' ]
143 verbose dependencyIsSatisfied react-apollo true
144 silly hasDependencyInstalled greldal-starter-frontend react-dom
145 silly dependencyIsSatisfied [ 'react-dom',
145 silly dependencyIsSatisfied   '^16.8.6',
145 silly dependencyIsSatisfied   'C:\\Users\\loref\\Projects\\greldal-cra-starter\\packages\\frontend\\node_modules' ]
146 verbose dependencyIsSatisfied react-dom true
147 silly hasDependencyInstalled greldal-starter-frontend react-scripts
148 silly dependencyIsSatisfied [ 'react-scripts',
148 silly dependencyIsSatisfied   '2.1.8',
148 silly dependencyIsSatisfied   'C:\\Users\\loref\\Projects\\greldal-cra-starter\\packages\\frontend\\node_modules' ]
149 verbose dependencyIsSatisfied react-scripts true
150 silly root dependencies []
151 silly leaf dependencies {
151 silly leaf dependencies   "greldal-starter-backend": [
151 silly leaf dependencies     {
151 silly leaf dependencies       "dependency": "@babel/cli@^7.2.3",
151 silly leaf dependencies       "isSatisfied": true
151 silly leaf dependencies     },
151 silly leaf dependencies     {
151 silly leaf dependencies       "dependency": "@babel/core@^7.4.0",
151 silly leaf dependencies       "isSatisfied": true
151 silly leaf dependencies     },
151 silly leaf dependencies     {
151 silly leaf dependencies       "dependency": "@babel/node@^7.2.2",
151 silly leaf dependencies       "isSatisfied": true
151 silly leaf dependencies     },
151 silly leaf dependencies     {
151 silly leaf dependencies       "dependency": "@babel/preset-env@^7.4.2",
151 silly leaf dependencies       "isSatisfied": true
151 silly leaf dependencies     },
151 silly leaf dependencies     {
151 silly leaf dependencies       "dependency": "@babel/preset-typescript@^7.3.3",
151 silly leaf dependencies       "isSatisfied": true
151 silly leaf dependencies     },
151 silly leaf dependencies     {
151 silly leaf dependencies       "dependency": "@types/dotenv@^6.1.1",
151 silly leaf dependencies       "isSatisfied": true
151 silly leaf dependencies     },
151 silly leaf dependencies     {
151 silly leaf dependencies       "dependency": "@types/express@^4.16.1",
151 silly leaf dependencies       "isSatisfied": true
151 silly leaf dependencies     },
151 silly leaf dependencies     {
151 silly leaf dependencies       "dependency": "@types/express-graphql@^0.6.2",
151 silly leaf dependencies       "isSatisfied": true
151 silly leaf dependencies     },
151 silly leaf dependencies     {
151 silly leaf dependencies       "dependency": "@types/graphql@^14.2.0",
151 silly leaf dependencies       "isSatisfied": true
151 silly leaf dependencies     },
151 silly leaf dependencies     {
151 silly leaf dependencies       "dependency": "@types/inquirer@^6.0.0",
151 silly leaf dependencies       "isSatisfied": true
151 silly leaf dependencies     },
151 silly leaf dependencies     {
151 silly leaf dependencies       "dependency": "@types/js-yaml@^3.12.1",
151 silly leaf dependencies       "isSatisfied": true
151 silly leaf dependencies     },
151 silly leaf dependencies     {
151 silly leaf dependencies       "dependency": "@types/lodash@^4.14.123",
151 silly leaf dependencies       "isSatisfied": true
151 silly leaf dependencies     },
151 silly leaf dependencies     {
151 silly leaf dependencies       "dependency": "@types/node@^11.12.2",
151 silly leaf dependencies       "isSatisfied": true
151 silly leaf dependencies     },
151 silly leaf dependencies     {
151 silly leaf dependencies       "dependency": "@types/rx@^4.1.1",
151 silly leaf dependencies       "isSatisfied": true
151 silly leaf dependencies     },
151 silly leaf dependencies     {
151 silly leaf dependencies       "dependency": "nodemon@^1.18.10",
151 silly leaf dependencies       "isSatisfied": true
151 silly leaf dependencies     },
151 silly leaf dependencies     {
151 silly leaf dependencies       "dependency": "npm-run-all@^4.1.5",
151 silly leaf dependencies       "isSatisfied": true
151 silly leaf dependencies     },
151 silly leaf dependencies     {
151 silly leaf dependencies       "dependency": "ts-node@^8.0.3",
151 silly leaf dependencies       "isSatisfied": true
151 silly leaf dependencies     },
151 silly leaf dependencies     {
151 silly leaf dependencies       "dependency": "typescript@^3.4.1",
151 silly leaf dependencies       "isSatisfied": true
151 silly leaf dependencies     },
151 silly leaf dependencies     {
151 silly leaf dependencies       "dependency": "core-js@2",
151 silly leaf dependencies       "isSatisfied": true
151 silly leaf dependencies     },
151 silly leaf dependencies     {
151 silly leaf dependencies       "dependency": "dotenv@^7.0.0",
151 silly leaf dependencies       "isSatisfied": true
151 silly leaf dependencies     },
151 silly leaf dependencies     {
151 silly leaf dependencies       "dependency": "express@^4.16.4",
151 silly leaf dependencies       "isSatisfied": true
151 silly leaf dependencies     },
151 silly leaf dependencies     {
151 silly leaf dependencies       "dependency": "express-graphql@^0.7.1",
151 silly leaf dependencies       "isSatisfied": true
151 silly leaf dependencies     },
151 silly leaf dependencies     {
151 silly leaf dependencies       "dependency": "graphql@^14.2.0",
151 silly leaf dependencies       "isSatisfied": true
151 silly leaf dependencies     },
151 silly leaf dependencies     {
151 silly leaf dependencies       "dependency": "greldal@^0.11.0",
151 silly leaf dependencies       "isSatisfied": false
151 silly leaf dependencies     },
151 silly leaf dependencies     {
151 silly leaf dependencies       "dependency": "knex@^0.16.3",
151 silly leaf dependencies       "isSatisfied": true
151 silly leaf dependencies     },
151 silly leaf dependencies     {
151 silly leaf dependencies       "dependency": "pg@^7.9.0",
151 silly leaf dependencies       "isSatisfied": true
151 silly leaf dependencies     }
151 silly leaf dependencies   ],
151 silly leaf dependencies   "greldal-starter-frontend": [
151 silly leaf dependencies     {
151 silly leaf dependencies       "dependency": "@types/inquirer@^6.0.0",
151 silly leaf dependencies       "isSatisfied": true
151 silly leaf dependencies     },
151 silly leaf dependencies     {
151 silly leaf dependencies       "dependency": "@types/js-yaml@^3.12.1",
151 silly leaf dependencies       "isSatisfied": true
151 silly leaf dependencies     },
151 silly leaf dependencies     {
151 silly leaf dependencies       "dependency": "@types/node@11.13.0",
151 silly leaf dependencies       "isSatisfied": true
151 silly leaf dependencies     },
151 silly leaf dependencies     {
151 silly leaf dependencies       "dependency": "@types/rx@^4.1.1",
151 silly leaf dependencies       "isSatisfied": true
151 silly leaf dependencies     },
151 silly leaf dependencies     {
151 silly leaf dependencies       "dependency": "typescript@3.4.2",
151 silly leaf dependencies       "isSatisfied": true
151 silly leaf dependencies     },
151 silly leaf dependencies     {
151 silly leaf dependencies       "dependency": "graphql@^14.2.1",
151 silly leaf dependencies       "isSatisfied": true
151 silly leaf dependencies     },
151 silly leaf dependencies     {
151 silly leaf dependencies       "dependency": "@graphql-codegen/cli@^1.0.6",
151 silly leaf dependencies       "isSatisfied": true
151 silly leaf dependencies     },
151 silly leaf dependencies     {
151 silly leaf dependencies       "dependency": "@graphql-codegen/typescript@1.0.6",
151 silly leaf dependencies       "isSatisfied": true
151 silly leaf dependencies     },
151 silly leaf dependencies     {
151 silly leaf dependencies       "dependency": "@graphql-codegen/typescript-operations@1.0.6",
151 silly leaf dependencies       "isSatisfied": true
151 silly leaf dependencies     },
151 silly leaf dependencies     {
151 silly leaf dependencies       "dependency": "@graphql-codegen/typescript-react-apollo@1.0.6",
151 silly leaf dependencies       "isSatisfied": true
151 silly leaf dependencies     },
151 silly leaf dependencies     {
151 silly leaf dependencies       "dependency": "@graphql-codegen/introspection@^1.0.6",
151 silly leaf dependencies       "isSatisfied": true
151 silly leaf dependencies     },
151 silly leaf dependencies     {
151 silly leaf dependencies       "dependency": "@types/jest@24.0.11",
151 silly leaf dependencies       "isSatisfied": true
151 silly leaf dependencies     },
151 silly leaf dependencies     {
151 silly leaf dependencies       "dependency": "@types/react@16.8.12",
151 silly leaf dependencies       "isSatisfied": true
151 silly leaf dependencies     },
151 silly leaf dependencies     {
151 silly leaf dependencies       "dependency": "@types/react-dom@16.8.3",
151 silly leaf dependencies       "isSatisfied": true
151 silly leaf dependencies     },
151 silly leaf dependencies     {
151 silly leaf dependencies       "dependency": "apollo-boost@^0.3.1",
151 silly leaf dependencies       "isSatisfied": true
151 silly leaf dependencies     },
151 silly leaf dependencies     {
151 silly leaf dependencies       "dependency": "react@^16.8.6",
151 silly leaf dependencies       "isSatisfied": true
151 silly leaf dependencies     },
151 silly leaf dependencies     {
151 silly leaf dependencies       "dependency": "react-apollo@^2.5.4",
151 silly leaf dependencies       "isSatisfied": true
151 silly leaf dependencies     },
151 silly leaf dependencies     {
151 silly leaf dependencies       "dependency": "react-dom@^16.8.6",
151 silly leaf dependencies       "isSatisfied": true
151 silly leaf dependencies     },
151 silly leaf dependencies     {
151 silly leaf dependencies       "dependency": "react-scripts@2.1.8",
151 silly leaf dependencies       "isSatisfied": true
151 silly leaf dependencies     }
151 silly leaf dependencies   ]
151 silly leaf dependencies }
152 info Installing external dependencies
153 verbose actions 1 actions, concurrency 4
154 silly installInDir backend [ '@babel/cli@^7.2.3',
154 silly installInDir   '@babel/core@^7.4.0',
154 silly installInDir   '@babel/node@^7.2.2',
154 silly installInDir   '@babel/preset-env@^7.4.2',
154 silly installInDir   '@babel/preset-typescript@^7.3.3',
154 silly installInDir   '@types/dotenv@^6.1.1',
154 silly installInDir   '@types/express@^4.16.1',
154 silly installInDir   '@types/express-graphql@^0.6.2',
154 silly installInDir   '@types/graphql@^14.2.0',
154 silly installInDir   '@types/inquirer@^6.0.0',
154 silly installInDir   '@types/js-yaml@^3.12.1',
154 silly installInDir   '@types/lodash@^4.14.123',
154 silly installInDir   '@types/node@^11.12.2',
154 silly installInDir   '@types/rx@^4.1.1',
154 silly installInDir   'nodemon@^1.18.10',
154 silly installInDir   'npm-run-all@^4.1.5',
154 silly installInDir   'ts-node@^8.0.3',
154 silly installInDir   'typescript@^3.4.1',
154 silly installInDir   'core-js@2',
154 silly installInDir   'dotenv@^7.0.0',
154 silly installInDir   'express@^4.16.4',
154 silly installInDir   'express-graphql@^0.7.1',
154 silly installInDir   'graphql@^14.2.0',
154 silly installInDir   'greldal@^0.11.0',
154 silly installInDir   'knex@^0.16.3',
154 silly installInDir   'pg@^7.9.0' ]
155 silly installInDir backup C:\Users\loref\Projects\greldal-cra-starter\packages\backend\package.json
156 silly rename [ 'C:\\Users\\loref\\Projects\\greldal-cra-starter\\packages\\backend\\package.json',
156 silly rename   'C:\\Users\\loref\\Projects\\greldal-cra-starter\\packages\\backend\\package.json.lerna_backup' ]
157 silly installInDir writing tempJson { dependencies:
157 silly installInDir    { '@babel/cli': '^7.2.3',
157 silly installInDir      '@babel/core': '^7.4.0',
157 silly installInDir      '@babel/node': '^7.2.2',
157 silly installInDir      '@babel/preset-env': '^7.4.2',
157 silly installInDir      '@babel/preset-typescript': '^7.3.3',
157 silly installInDir      '@types/dotenv': '^6.1.1',
157 silly installInDir      '@types/express': '^4.16.1',
157 silly installInDir      '@types/express-graphql': '^0.6.2',
157 silly installInDir      '@types/graphql': '^14.2.0',
157 silly installInDir      '@types/inquirer': '^6.0.0',
157 silly installInDir      '@types/js-yaml': '^3.12.1',
157 silly installInDir      '@types/lodash': '^4.14.123',
157 silly installInDir      '@types/node': '^11.12.2',
157 silly installInDir      '@types/rx': '^4.1.1',
157 silly installInDir      nodemon: '^1.18.10',
157 silly installInDir      'npm-run-all': '^4.1.5',
157 silly installInDir      'ts-node': '^8.0.3',
157 silly installInDir      typescript: '^3.4.1',
157 silly installInDir      'core-js': '2',
157 silly installInDir      dotenv: '^7.0.0',
157 silly installInDir      express: '^4.16.4',
157 silly installInDir      'express-graphql': '^0.7.1',
157 silly installInDir      graphql: '^14.2.0',
157 silly installInDir      greldal: '^0.11.0',
157 silly installInDir      knex: '^0.16.3',
157 silly installInDir      pg: '^7.9.0' } }
158 silly getExecOpts { cwd:
158 silly getExecOpts    'C:\\Users\\loref\\Projects\\greldal-cra-starter\\packages\\backend' }
159 silly installInDir [ 'npm', [ 'install' ] ]
160 silly installInDir cleanup C:\Users\loref\Projects\greldal-cra-starter\packages\backend\package.json
161 silly renameSync [ 'C:\\Users\\loref\\Projects\\greldal-cra-starter\\packages\\backend\\package.json.lerna_backup',
161 silly renameSync   'C:\\Users\\loref\\Projects\\greldal-cra-starter\\packages\\backend\\package.json' ]
162 verbose installed leaf greldal-starter-backend
163 error execute callback with error
164 error Error: Command failed: npm install
164 error npm WARN rm not removing C:\Users\loref\Projects\greldal-cra-starter\packages\backend\node_modules\.bin\semver.cmd as it wasn't installed by C:\Users\loref\Projects\greldal-cra-starter\packages\backend\node_modules\semver
164 error npm WARN rm not removing C:\Users\loref\Projects\greldal-cra-starter\packages\backend\node_modules\.bin\semver as it wasn't installed by C:\Users\loref\Projects\greldal-cra-starter\packages\backend\node_modules\semver
164 error npm WARN rollback Rolling back @types/bluebird@3.5.26 failed (this is probably harmless): EPERM: operation not permitted, lstat 'C:\Users\loref\Projects\greldal-cra-starter\packages\backend\node_modules\@types\bluebird'
164 error npm WARN greldal@0.11.0 requires a peer of knex@^0.15.2 but none is installed. You must install peer dependencies yourself.
164 error npm WARN backend No description
164 error npm WARN backend No repository field.
164 error npm WARN backend No license field.
164 error
164 error npm ERR! path C:\Users\loref\Projects\greldal-cra-starter\packages\backend\node_modules\@types
164 error npm ERR! code EPERM
164 error npm ERR! errno -4048
164 error npm ERR! syscall mkdir
164 error npm ERR! Error: EPERM: operation not permitted, mkdir 'C:\Users\loref\Projects\greldal-cra-starter\packages\backend\node_modules\@types'
164 error npm ERR!     at makeParentPath (C:\Program Files\nodejs\node_modules\npm\lib\install\action\finalize.js:51:12)
164 error npm ERR!     at module.exports (C:\Program Files\nodejs\node_modules\npm\lib\install\action\finalize.js:35:12)
164 error npm ERR!     at BB.fromNode (C:\Program Files\nodejs\node_modules\npm\lib\install\actions.js:75:20)
164 error npm ERR!     at runAction (C:\Program Files\nodejs\node_modules\npm\lib\install\actions.js:74:13)
164 error npm ERR!     at actions.(anonymous function) (C:\Program Files\nodejs\node_modules\npm\lib\install\actions.js:50:17)
164 error npm ERR!     at execAction (C:\Program Files\nodejs\node_modules\npm\lib\install\actions.js:191:18)
164 error npm ERR! From previous event:
164 error npm ERR!     at withInit (C:\Program Files\nodejs\node_modules\npm\lib\install\actions.js:159:15)
164 error npm ERR! From previous event:
164 error npm ERR!     at withInit (C:\Program Files\nodejs\node_modules\npm\lib\install\actions.js:175:13)
164 error npm ERR!     at runSerial (C:\Program Files\nodejs\node_modules\npm\lib\install\actions.js:158:10)
164 error npm ERR!     at doSerial (C:\Program Files\nodejs\node_modules\npm\lib\install\actions.js:139:3)
164 error npm ERR!     at Array.<anonymous> (C:\Program Files\nodejs\node_modules\npm\node_modules\slide\lib\bind-actor.js:15:8)
164 error npm ERR!     at LOOP (C:\Program Files\nodejs\node_modules\npm\node_modules\slide\lib\chain.js:15:14)
164 error npm ERR!     at C:\Program Files\nodejs\node_modules\npm\node_modules\slide\lib\chain.js:18:7
164 error npm ERR!     at runSerial (C:\Program Files\nodejs\node_modules\npm\lib\install\actions.js:157:30)
164 error npm ERR!     at doSerial (C:\Program Files\nodejs\node_modules\npm\lib\install\actions.js:139:3)
164 error npm ERR!     at Array.<anonymous> (C:\Program Files\nodejs\node_modules\npm\node_modules\slide\lib\bind-actor.js:15:8)
164 error npm ERR!     at LOOP (C:\Program Files\nodejs\node_modules\npm\node_modules\slide\lib\chain.js:15:14)
164 error npm ERR!     at C:\Program Files\nodejs\node_modules\npm\node_modules\slide\lib\chain.js:18:7
164 error npm ERR!     at withInit.nodeify (C:\Program Files\nodejs\node_modules\npm\lib\install\actions.js:163:5)
164 error npm ERR!  { Error: EPERM: operation not permitted, mkdir 'C:\Users\loref\Projects\greldal-cra-starter\packages\backend\node_modules\@types'
164 error npm ERR!     at makeParentPath (C:\Program Files\nodejs\node_modules\npm\lib\install\action\finalize.js:51:12)
164 error npm ERR!     at module.exports (C:\Program Files\nodejs\node_modules\npm\lib\install\action\finalize.js:35:12)
164 error npm ERR!     at BB.fromNode (C:\Program Files\nodejs\node_modules\npm\lib\install\actions.js:75:20)
164 error npm ERR!     at runAction (C:\Program Files\nodejs\node_modules\npm\lib\install\actions.js:74:13)
164 error npm ERR!     at actions.(anonymous function) (C:\Program Files\nodejs\node_modules\npm\lib\install\actions.js:50:17)
164 error npm ERR!     at execAction (C:\Program Files\nodejs\node_modules\npm\lib\install\actions.js:191:18)
164 error npm ERR! From previous event:
164 error npm ERR!     at withInit (C:\Program Files\nodejs\node_modules\npm\lib\install\actions.js:159:15)
164 error npm ERR! From previous event:
164 error npm ERR!     at withInit (C:\Program Files\nodejs\node_modules\npm\lib\install\actions.js:175:13)
164 error npm ERR!     at runSerial (C:\Program Files\nodejs\node_modules\npm\lib\install\actions.js:158:10)
164 error npm ERR!     at doSerial (C:\Program Files\nodejs\node_modules\npm\lib\install\actions.js:139:3)
164 error npm ERR!     at Array.<anonymous> (C:\Program Files\nodejs\node_modules\npm\node_modules\slide\lib\bind-actor.js:15:8)
164 error npm ERR!     at LOOP (C:\Program Files\nodejs\node_modules\npm\node_modules\slide\lib\chain.js:15:14)
164 error npm ERR!     at C:\Program Files\nodejs\node_modules\npm\node_modules\slide\lib\chain.js:18:7
164 error npm ERR!     at runSerial (C:\Program Files\nodejs\node_modules\npm\lib\install\actions.js:157:30)
164 error npm ERR!     at doSerial (C:\Program Files\nodejs\node_modules\npm\lib\install\actions.js:139:3)
164 error npm ERR!     at Array.<anonymous> (C:\Program Files\nodejs\node_modules\npm\node_modules\slide\lib\bind-actor.js:15:8)
164 error npm ERR!     at LOOP (C:\Program Files\nodejs\node_modules\npm\node_modules\slide\lib\chain.js:15:14)
164 error npm ERR!     at C:\Program Files\nodejs\node_modules\npm\node_modules\slide\lib\chain.js:18:7
164 error npm ERR!     at withInit.nodeify (C:\Program Files\nodejs\node_modules\npm\lib\install\actions.js:163:5)
164 error npm ERR!   cause:
164 error npm ERR!    { Error: EPERM: operation not permitted, mkdir 'C:\Users\loref\Projects\greldal-cra-starter\packages\backend\node_modules\@types'
164 error npm ERR!      errno: -4048,
164 error npm ERR!      code: 'EPERM',
164 error npm ERR!      syscall: 'mkdir',
164 error npm ERR!      path:
164 error npm ERR!       'C:\\Users\\loref\\Projects\\greldal-cra-starter\\packages\\backend\\node_modules\\@types' },
164 error npm ERR!   stack:
164 error npm ERR!    'Error: EPERM: operation not permitted, mkdir \'C:\\Users\\loref\\Projects\\greldal-cra-starter\\packages\\backend\\node_modules\\@types\'\n    at makeParentPath (C:\\Program Files\\nodejs\\node_modules\\npm\\lib\\install\\action\\finalize.js:51:12)\n    at module.exports (C:\\Program Files\\nodejs\\node_modules\\npm\\lib\\install\\action\\finalize.js:35:12)\n    at BB.fromNode (C:\\Program Files\\nodejs\\node_modules\\npm\\lib\\install\\actions.js:75:20)\n    at runAction (C:\\Program Files\\nodejs\\node_modules\\npm\\lib\\install\\actions.js:74:13)\n    at actions.(anonymous function) (C:\\Program Files\\nodejs\\node_modules\\npm\\lib\\install\\actions.js:50:17)\n    at execAction (C:\\Program Files\\nodejs\\node_modules\\npm\\lib\\install\\actions.js:191:18)\nFrom previous event:\n    at withInit (C:\\Program Files\\nodejs\\node_modules\\npm\\lib\\install\\actions.js:159:15)\nFrom previous event:\n    at withInit (C:\\Program Files\\nodejs\\node_modules\\npm\\lib\\install\\actions.js:175:13)\n    at runSerial (C:\\Program Files\\nodejs\\node_modules\\npm\\lib\\install\\actions.js:158:10)\n    at doSerial (C:\\Program Files\\nodejs\\node_modules\\npm\\lib\\install\\actions.js:139:3)\n    at Array.<anonymous> (C:\\Program Files\\nodejs\\node_modules\\npm\\node_modules\\slide\\lib\\bind-actor.js:15:8)\n    at LOOP (C:\\Program Files\\nodejs\\node_modules\\npm\\node_modules\\slide\\lib\\chain.js:15:14)\n    at C:\\Program Files\\nodejs\\node_modules\\npm\\node_modules\\slide\\lib\\chain.js:18:7\n    at runSerial (C:\\Program Files\\nodejs\\node_modules\\npm\\lib\\install\\actions.js:157:30)\n    at doSerial (C:\\Program Files\\nodejs\\node_modules\\npm\\lib\\install\\actions.js:139:3)\n    at Array.<anonymous> (C:\\Program Files\\nodejs\\node_modules\\npm\\node_modules\\slide\\lib\\bind-actor.js:15:8)\n    at LOOP (C:\\Program Files\\nodejs\\node_modules\\npm\\node_modules\\slide\\lib\\chain.js:15:14)\n    at C:\\Program Files\\nodejs\\node_modules\\npm\\node_modules\\slide\\lib\\chain.js:18:7\n    at withInit.nodeify (C:\\Program Files\\nodejs\\node_modules\\npm\\lib\\install\\actions.js:163:5)',
164 error npm ERR!   errno: -4048,
164 error npm ERR!   code: 'EPERM',
164 error npm ERR!   syscall: 'mkdir',
164 error npm ERR!   path:
164 error npm ERR!    'C:\\Users\\loref\\Projects\\greldal-cra-starter\\packages\\backend\\node_modules\\@types' }
164 error npm ERR!
164 error npm ERR! The operation was rejected by your operating system.
164 error npm ERR! It's possible that the file was already in use (by a text editor or antivirus),
164 error npm ERR! or that you lack permissions to access it.
164 error npm ERR!
164 error npm ERR! If you believe this might be a permissions issue, please double-check the
164 error npm ERR! permissions of the file and its containing directories, or try running
164 error npm ERR! the command again as root/Administrator (though this is not recommended).
164 error
164 error npm ERR! A complete log of this run can be found in:
164 error npm ERR!     C:\Users\loref\AppData\Roaming\npm-cache\_logs\2019-04-07T17_58_07_213Z-debug.log
164 error
164 error     at Promise.all.then.arr (C:\Users\loref\Projects\greldal-cra-starter\node_modules\execa\index.js:236:11)
